Start testing: Mar 31 16:08 CST
----------------------------------------------------------
1/1 Testing: HelloTest.BasicAssertions
1/1 Test: HelloTest.BasicAssertions
Command: "/home/richter/docker_jenkins/workspace/test_jenkins/build/hellotest" "--gtest_filter=HelloTest.BasicAssertions" "--gtest_also_run_disabled_tests"
Directory: /home/richter/docker_jenkins/workspace/test_jenkins/build
"HelloTest.BasicAssertions" start time: Mar 31 16:08 CST
Output:
----------------------------------------------------------
Running main() from /home/richter/docker_jenkins/workspace/test_jenkins/build/_deps/googletest-src/googletest/src/gtest_main.cc
Note: Google Test filter = HelloTest.BasicAssertions
[==========] Running 1 test from 1 test suite.
[----------] Global test environment set-up.
[----------] 1 test from HelloTest
[ RUN      ] HelloTest.BasicAssertions
[       OK ] HelloTest.BasicAssertions (0 ms)
[----------] 1 test from HelloTest (0 ms total)

[----------] Global test environment tear-down
[==========] 1 test from 1 test suite ran. (0 ms total)
[  PASSED  ] 1 test.
<end of output>
Test time =   0.01 sec
----------------------------------------------------------
Test Passed.
"HelloTest.BasicAssertions" end time: Mar 31 16:08 CST
"HelloTest.BasicAssertions" time elapsed: 00:00:00
----------------------------------------------------------

End testing: Mar 31 16:08 CST
